<?xml version="1.0" encoding="UTF-8"?>
<persistence version="2.1" xmlns="http://xmlns.jcp.org/xml/ns/persistence" xmlns:xsi="http://www.w3.org/2001/XMLSchema-instance" xsi:schemaLocation="http://xmlns.jcp.org/xml/ns/persistence http://xmlns.jcp.org/xml/ns/persistence/persistence_2_1.xsd">
    <persistence-unit name="EbookPU" transaction-type="JTA">
        <provider>org.hibernate.jpa.HibernatePersistenceProvider</provider>
        <jta-data-source>java:/jboss/datasources/EbookDS</jta-data-source>
        <exclude-unlisted-classes>true</exclude-unlisted-classes>
        <class>com.mouka.ebook.entity.Book</class>
        <class>com.mouka.ebook.entity.Customer</class>
        <class>com.mouka.ebook.entity.Groups</class>
        <class>com.mouka.ebook.entity.Manager</class>
        <class>com.mouka.ebook.entity.OrdersDetails</class>
        <class>com.mouka.ebook.entity.Orders</class>
        <class>com.mouka.ebook.entity.Person</class>
        <class>com.mouka.ebook.entity.Product</class>
        <class>com.mouka.ebook.entity.Publisher</class>
        <class>com.mouka.ebook.entity.BankAccount</class>
        <class>com.mouka.ebook.entity.BankCard</class>
        <class>com.mouka.ebook.entity.CreditAccount</class>
        <class>com.mouka.ebook.entity.DebitAccount</class>
        <properties>
            <property name="javax.persistence.jdbc.driver" value="com.mysql.jdbc.Driver"/>
            <property name="javax.persistence.jdbc.url" value="jdbc:mysql://localhost:3306/ebook"/>
            <property name="javax.persistence.jdbc.user" value="root"/>
            <property name="javax.persistence.jdbc.password" value="hmar"/>
            <!--            <property name="javax.persistence.schema-generation.database.action" 
            value="drop-and-create"/>-->
<!--            <property name="javax.persistence.schema-generation.create-source" 
                      value="script" />
            <property name="javax.persistence.schema-generation.create-script-source" 
                      value="META-INF/sql/create-ebook.sql" />
            
  <property name="javax.persistence.schema-generation.drop-source" 
            value="script" />
  <property name="javax.persistence.schema-generation.drop-script-source" 
            value="META-INF/sql/drop-ebook.sql" />-->
            
            <property name="hibernate.hbm2ddl.auto" value="update"/>
            <property name="hibernate.dialect" value="org.hibernate.dialect.MySQLDialect"/>
            <property name="hibernate.show_sql" value="true"/>
        </properties>
    </persistence-unit>
</persistence>
